 Columns are field, id, colour, magnitude and tau^2


                    1                  217  0.773000002       14.8929996       5.00728655    
                    1                  195  0.787999988       14.8929996       5.00904942    
                    1                  214  0.779999971       15.0760002       4.66805696    
                    1                  168   1.02600002       15.9049997       1.74880087    
                    1                  202   1.46500003       15.9549999       3.56130958    
                    1                  252   1.12899995       16.0300007       1.46509826    
                    1                  542   1.19599998       16.1709995       1.36763275    
                    1                  543   1.29999995       16.2700005       2.39506125    
                    1                  555   1.49699998       16.3129997       3.08709240    
                    1                  554   1.64999998       16.3939991       1.90728366    
                    1                  906   1.33700001       16.4810009      0.812059700    
                    1                 1372   1.33399999       16.5200005      0.852567375    
                    1                  747   1.41299999       16.5510006      0.941962838    
                    1                  929   1.45700002       16.6089993       1.24497581    
                    1                  718   1.45000005       16.8419991       3.49605680    
                    1                  875   1.74500000       16.9640007      0.227889970    
                    1                  903   1.62000000       16.9810009     -0.749978781    
                    1                  900   1.66799998       17.0930004     -0.728685558    
                    1                 1144   1.64499998       17.1870003     -0.763589144    
                    1                 1107   1.62600005       17.1889992     -0.325452328    
                    1                 1103   1.76100004       17.2609997     -0.502888620    
                    1                 1138   1.72399998       17.3029995     -0.934094250    
                    1                 1066   1.62399995       17.3400002      0.801975191    
                    1                 1108   1.73599994       17.4619999      -1.46687412    
                    1                 1610   1.79700005       17.4869995      -1.02552271    
                    1                 1641   1.78900003       17.6650009      -1.80948889    
                    1                 1622   1.77499998       17.7549992      -1.74288905    
                    1                 1367   1.76300001       17.8169994      -1.52728474    
                    1                 1600   1.73300004       18.0020008      0.454323888    
                    1                 1556   1.83299994       18.2280006      -2.49622750    
                    1                 1947   1.86899996       18.2299995      -2.11562109    
                    1                 1924   1.83399999       18.5189991      -2.23061514    
                    1                 2684   2.03699994       18.6849995       6.49801874    
                    1                 3044   1.79999995       18.7199993     -0.695268393    
                    1                 2269   1.97700000       18.7970009      0.774416804    
